Using pre-set license
Built from '2021.1/staging' branch; Version is '2021.1.6f1 (c0fade0cc7e9) revision 12647134'; Using compiler version '192528614'; Build Type 'Release'
OS: 'Windows 10 Pro; OS build 19042.928; Version 2009; 64bit' Language: 'ja' Physical Memory: 16258 MB
BatchMode: 1, IsHumanControllingUs: 0, StartBugReporterOnCrash: 0, Is64bit: 1, IsPro: 0

 COMMAND LINE ARGUMENTS:
D:\Program Files\2021.1.6f1\Editor\Unity.exe
-adb2
-batchMode
-noUpm
-name
AssetImportWorker0
-projectPath
D:/VRSellFieldProto
-logFile
Logs/AssetImportWorker0.log
-srvPort
56935
Successfully changed project path to: D:/VRSellFieldProto
D:/VRSellFieldProto
Using Asset Import Pipeline V2.
Refreshing native plugins compatible for Editor in 131.95 ms, found 7 plugins.
Preloading 1 native plugins for Editor in 2.36 ms.
Initialize engine version: 2021.1.6f1 (c0fade0cc7e9)
[Subsystems] Discovering subsystems at path D:/Program Files/2021.1.6f1/Editor/Data/Resources/UnitySubsystems
[Subsystems] Discovering subsystems at path D:/VRSellFieldProto/Assets
GfxDevice: creating device client; threaded=0; jobified=0
Direct3D:
    Version:  Direct3D 11.0 [level 11.1]
    Renderer: NVIDIA GeForce RTX 2070 with Max-Q Design (ID=0x1f50)
    Vendor:   NVIDIA
    VRAM:     8031 MB
    Driver:   27.21.14.6230
Shader 'Oculus/OVRMRCameraFrameLit': fallback shader 'Alpha-Diffuse' not found
Initialize mono
Mono path[0] = 'D:/Program Files/2021.1.6f1/Editor/Data/Managed'
Mono path[1] = 'D:/Program Files/2021.1.6f1/Editor/Data/MonoBleedingEdge/lib/mono/unityjit'
Mono config path = 'D:/Program Files/2021.1.6f1/Editor/Data/MonoBleedingEdge/etc'
Using monoOptions --debugger-agent=transport=dt_socket,embedding=1,server=y,suspend=n,address=127.0.0.1:56640
Begin MonoManager ReloadAssembly
Registering precompiled unity dll's ...
Register platform support module: D:/Program Files/2021.1.6f1/Editor/Data/PlaybackEngines/WindowsStandaloneSupport/UnityEditor.WindowsStandalone.Extensions.dll
Registered in 0.001277 seconds.
Native extension for WindowsStandalone target not found
Refreshing native plugins compatible for Editor in 127.49 ms, found 7 plugins.
Preloading 1 native plugins for Editor in 0.06 ms.
Mono: successfully reloaded assembly
- Completed reload, in  2.610 seconds
Platform modules already initialized, skipping
Registering precompiled user dll's ...
Registered in 0.016873 seconds.
Begin MonoManager ReloadAssembly
Native extension for WindowsStandalone target not found
Refreshing native plugins compatible for Editor in 0.99 ms, found 7 plugins.
Preloading 1 native plugins for Editor in 0.04 ms.
[XR] OculusXRPlugin: registering subsystems
[XR] Unable to register display lifecyle provider: [1]
[XR] Oculus Input lifecycle provider registered.
[XR] Unable to register input lifecyle provider: [1]
[XR] OVRP version 1.60.0
Mono: successfully reloaded assembly
- Completed reload, in  1.419 seconds
Platform modules already initialized, skipping
========================================================================
Worker process is ready to serve import requests
Shader 'Oculus/OVRMRCameraFrameLit': fallback shader 'Alpha-Diffuse' not found
Launched and connected shader compiler UnityShaderCompiler.exe after 0.11 seconds
Refreshing native plugins compatible for Editor in 2.42 ms, found 7 plugins.
Preloading 1 native plugins for Editor in 0.05 ms.
Unloading 3329 Unused Serialized files (Serialized files now loaded: 0)
System memory in use before: 135.7 MB.
System memory in use after: 135.9 MB.

Unloading 57 unused Assets to reduce memory usage. Loaded Objects now: 3788.
Total: 2.488000 ms (FindLiveObjects: 0.280200 ms CreateObjectMapping: 0.174000 ms MarkObjects: 1.929400 ms  DeleteObjects: 0.102900 ms)

========================================================================
Received Import Request.
  path: Assets/SellFieldCube0520.fbx
  artifactKey: Guid(63bdc5d88a1cd2b49a4b92081c94d92f) Importer(815301076,1909f56bfc062723c751e8b465ee728b)
Start importing Assets/SellFieldCube0520.fbx using Guid(63bdc5d88a1cd2b49a4b92081c94d92f) Importer(815301076,1909f56bfc062723c751e8b465ee728b)  -> (artifact id: '0f316cf057126421c87568187648f1bb') in 0.909985 seconds 
========================================================================
Received Import Request.
  Time since last request: 0.000262 seconds.
  path: Assets/SellFieldSphere0520.fbx
  artifactKey: Guid(7b6f2680c2e701b4e8feecc4637f364c) Importer(815301076,1909f56bfc062723c751e8b465ee728b)
Start importing Assets/SellFieldSphere0520.fbx using Guid(7b6f2680c2e701b4e8feecc4637f364c) Importer(815301076,1909f56bfc062723c751e8b465ee728b)  -> (artifact id: 'aa54c26ad571ef89426abc0a6ba24cc3') in 0.129985 seconds 
========================================================================
Received Import Request.
  Time since last request: 0.000260 seconds.
  path: Assets/SellFieldCube0520.fbx
  artifactKey: Guid(63bdc5d88a1cd2b49a4b92081c94d92f) Importer(815301076,1909f56bfc062723c751e8b465ee728b)
Start importing Assets/SellFieldCube0520.fbx using Guid(63bdc5d88a1cd2b49a4b92081c94d92f) Importer(815301076,1909f56bfc062723c751e8b465ee728b)  -> (artifact id: '0f316cf057126421c87568187648f1bb') in 0.353639 seconds 
========================================================================
Received Import Request.
  Time since last request: 1019.236905 seconds.
  path: Assets/New Terrain.asset
  artifactKey: Guid(714ad2d534803aa488d4c4598bc8c90e) Importer(815301076,1909f56bfc062723c751e8b465ee728b)
Start importing Assets/New Terrain.asset using Guid(714ad2d534803aa488d4c4598bc8c90e) Importer(815301076,1909f56bfc062723c751e8b465ee728b)  -> (artifact id: '9f6c2a50c901d5a25a1d735604590bcf') in 0.046483 seconds 
========================================================================
Received Import Request.
  Time since last request: 2435.266229 seconds.
  path: Assets/MovePointSet.mat
  artifactKey: Guid(b3a8d40ad25cd184faf12f060f849d73) Importer(815301076,1909f56bfc062723c751e8b465ee728b)
Start importing Assets/MovePointSet.mat using Guid(b3a8d40ad25cd184faf12f060f849d73) Importer(815301076,1909f56bfc062723c751e8b465ee728b)  -> (artifact id: '467ae498e297b3188df9d7a48977e558') in 0.028903 seconds 
========================================================================
Received Import Request.
  Time since last request: 865.208005 seconds.
  path: Assets/Oculus/SampleFramework/Core/Locomotion/Scripts/TeleportTargetHandler.cs
  artifactKey: Guid(0c41ab9d9362d514f8fb3ab4cb49a809) Importer(815301076,1909f56bfc062723c751e8b465ee728b)
Start importing Assets/Oculus/SampleFramework/Core/Locomotion/Scripts/TeleportTargetHandler.cs using Guid(0c41ab9d9362d514f8fb3ab4cb49a809) Importer(815301076,1909f56bfc062723c751e8b465ee728b)  -> (artifact id: '2acc65950f5fd5904db427cb7bbd5cf8') in 0.013993 seconds 
========================================================================
Received Import Request.
  Time since last request: 2.749857 seconds.
  path: Assets/Oculus/SampleFramework/Core/Locomotion/Scripts/TeleportSupport.cs
  artifactKey: Guid(fe04b5c507a8a0849a67429ae5bb4aa4) Importer(815301076,1909f56bfc062723c751e8b465ee728b)
Start importing Assets/Oculus/SampleFramework/Core/Locomotion/Scripts/TeleportSupport.cs using Guid(fe04b5c507a8a0849a67429ae5bb4aa4) Importer(815301076,1909f56bfc062723c751e8b465ee728b)  -> (artifact id: '8cf6db553a18ea0110ea0cf65feabff1') in 0.003871 seconds 
========================================================================
Received Import Request.
  Time since last request: 0.862664 seconds.
  path: Assets/Oculus/SampleFramework/Core/Locomotion/Scripts/TeleportPoint.cs
  artifactKey: Guid(1787d5d9d5016e24887c57d4163b3ebb) Importer(815301076,1909f56bfc062723c751e8b465ee728b)
Start importing Assets/Oculus/SampleFramework/Core/Locomotion/Scripts/TeleportPoint.cs using Guid(1787d5d9d5016e24887c57d4163b3ebb) Importer(815301076,1909f56bfc062723c751e8b465ee728b)  -> (artifact id: '15d04bbe76bb803028fa746fa00dfbf1') in 0.002602 seconds 
========================================================================
Received Import Request.
  Time since last request: 1.781631 seconds.
  path: Assets/Oculus/SampleFramework/Core/Locomotion/Scripts/TeleportOrientationHandlerThumbstick.cs
  artifactKey: Guid(2bb0f5a590bee8641b2298ad4ad21c1c) Importer(815301076,1909f56bfc062723c751e8b465ee728b)
Start importing Assets/Oculus/SampleFramework/Core/Locomotion/Scripts/TeleportOrientationHandlerThumbstick.cs using Guid(2bb0f5a590bee8641b2298ad4ad21c1c) Importer(815301076,1909f56bfc062723c751e8b465ee728b)  -> (artifact id: '6c88124013f5e9800c107311ce03efec') in 0.017516 seconds 
========================================================================
Received Import Request.
  Time since last request: 5.223054 seconds.
  path: Assets/Oculus/SampleFramework/Core/Locomotion/Scripts/TeleportOrientationHandlerHMD.cs
  artifactKey: Guid(40e31156a98eed94e816056346fac4e3) Importer(815301076,1909f56bfc062723c751e8b465ee728b)
Start importing Assets/Oculus/SampleFramework/Core/Locomotion/Scripts/TeleportOrientationHandlerHMD.cs using Guid(40e31156a98eed94e816056346fac4e3) Importer(815301076,1909f56bfc062723c751e8b465ee728b)  -> (artifact id: '4c7aed35d54eeefd635bdb1111077a2c') in 0.002459 seconds 
========================================================================
Received Import Request.
  Time since last request: 12.793540 seconds.
  path: Assets/Oculus/SampleFramework/Core/Locomotion/Scripts/TeleportOrientationHandler360.cs
  artifactKey: Guid(d2051e49b4d4201418c42b0244b2bb47) Importer(815301076,1909f56bfc062723c751e8b465ee728b)
Start importing Assets/Oculus/SampleFramework/Core/Locomotion/Scripts/TeleportOrientationHandler360.cs using Guid(d2051e49b4d4201418c42b0244b2bb47) Importer(815301076,1909f56bfc062723c751e8b465ee728b)  -> (artifact id: '17a04112a67f2bbbd7ad1257fb3a9530') in 0.002494 seconds 
========================================================================
Received Import Request.
  Time since last request: 3.753999 seconds.
  path: Assets/Oculus/SampleFramework/Core/Locomotion/Scripts/TeleportAimHandlerParabolic.cs
  artifactKey: Guid(f2207d0346672d340874d20d6a45eb69) Importer(815301076,1909f56bfc062723c751e8b465ee728b)
Start importing Assets/Oculus/SampleFramework/Core/Locomotion/Scripts/TeleportAimHandlerParabolic.cs using Guid(f2207d0346672d340874d20d6a45eb69) Importer(815301076,1909f56bfc062723c751e8b465ee728b)  -> (artifact id: '00cd9e567b750b0b4f01aa7bf724a02c') in 0.003270 seconds 
========================================================================
Received Import Request.
  Time since last request: 2.093714 seconds.
  path: Assets/Oculus/SampleFramework/Core/Locomotion/Scripts/TeleportAimVisualLaser.cs
  artifactKey: Guid(aa8ac578d8d4eff4eae43b9c3eb1529c) Importer(815301076,1909f56bfc062723c751e8b465ee728b)
Start importing Assets/Oculus/SampleFramework/Core/Locomotion/Scripts/TeleportAimVisualLaser.cs using Guid(aa8ac578d8d4eff4eae43b9c3eb1529c) Importer(815301076,1909f56bfc062723c751e8b465ee728b)  -> (artifact id: '11540b6308ad61bdfb5659237195cc08') in 0.003510 seconds 
========================================================================
Received Import Request.
  Time since last request: 2.129266 seconds.
  path: Assets/Oculus/SampleFramework/Core/Locomotion/Scripts/CharacterCameraConstraint.cs
  artifactKey: Guid(cf162022e230bb745ab2ec48cd357f9e) Importer(815301076,1909f56bfc062723c751e8b465ee728b)
Start importing Assets/Oculus/SampleFramework/Core/Locomotion/Scripts/CharacterCameraConstraint.cs using Guid(cf162022e230bb745ab2ec48cd357f9e) Importer(815301076,1909f56bfc062723c751e8b465ee728b)  -> (artifact id: 'ed7a41f3a824b27c350720f5b411cf74') in 0.002406 seconds 
========================================================================
Received Import Request.
  Time since last request: 2.531062 seconds.
  path: Assets/Oculus/SampleFramework/Core/Locomotion/Scripts/LocomotionController.cs
  artifactKey: Guid(085d9ec7bb5e55f48b879d93931f553e) Importer(815301076,1909f56bfc062723c751e8b465ee728b)
Start importing Assets/Oculus/SampleFramework/Core/Locomotion/Scripts/LocomotionController.cs using Guid(085d9ec7bb5e55f48b879d93931f553e) Importer(815301076,1909f56bfc062723c751e8b465ee728b)  -> (artifact id: '97123298ebfeb100cfbf25cc8d998bc4') in 0.002818 seconds 
========================================================================
Received Import Request.
  Time since last request: 2.117087 seconds.
  path: Assets/Oculus/SampleFramework/Core/Locomotion/Scripts/LocomotionTeleport.cs
  artifactKey: Guid(dfcbed738e5f16548bc6b4284038f7d2) Importer(815301076,1909f56bfc062723c751e8b465ee728b)
Start importing Assets/Oculus/SampleFramework/Core/Locomotion/Scripts/LocomotionTeleport.cs using Guid(dfcbed738e5f16548bc6b4284038f7d2) Importer(815301076,1909f56bfc062723c751e8b465ee728b)  -> (artifact id: '68c773feaecc9c1b7be0658f0bc61e89') in 0.003493 seconds 
========================================================================
Received Import Request.
  Time since last request: 0.403873 seconds.
  path: Assets/Oculus/SampleFramework/Core/Locomotion/Scripts/SimpleCapsuleWithStickMovement.cs
  artifactKey: Guid(847d8b0d968d4a14c89d7508f54c0db7) Importer(815301076,1909f56bfc062723c751e8b465ee728b)
Start importing Assets/Oculus/SampleFramework/Core/Locomotion/Scripts/SimpleCapsuleWithStickMovement.cs using Guid(847d8b0d968d4a14c89d7508f54c0db7) Importer(815301076,1909f56bfc062723c751e8b465ee728b)  -> (artifact id: '32e450f11941823257b8520a4c49a6ac') in 0.016938 seconds 
========================================================================
Received Import Request.
  Time since last request: 1.379985 seconds.
  path: Assets/Oculus/SampleFramework/Core/Locomotion/Scripts/TeleportAimHandler.cs
  artifactKey: Guid(05141a0b7df32dd4e914f070c2c43fdd) Importer(815301076,1909f56bfc062723c751e8b465ee728b)
Start importing Assets/Oculus/SampleFramework/Core/Locomotion/Scripts/TeleportAimHandler.cs using Guid(05141a0b7df32dd4e914f070c2c43fdd) Importer(815301076,1909f56bfc062723c751e8b465ee728b)  -> (artifact id: '76d982bb1c693abf61374d7db4a6f49e') in 0.002858 seconds 
========================================================================
Received Import Request.
  Time since last request: 1.845193 seconds.
  path: Assets/Oculus/SampleFramework/Core/Locomotion/Scripts/TeleportAimHandlerLaser.cs
  artifactKey: Guid(70bc4ab8bfd254f42902a4d602fef956) Importer(815301076,1909f56bfc062723c751e8b465ee728b)
Start importing Assets/Oculus/SampleFramework/Core/Locomotion/Scripts/TeleportAimHandlerLaser.cs using Guid(70bc4ab8bfd254f42902a4d602fef956) Importer(815301076,1909f56bfc062723c751e8b465ee728b)  -> (artifact id: '983941d8d1f7ada26ed6903da503556c') in 0.002670 seconds 
========================================================================
Received Import Request.
  Time since last request: 0.607926 seconds.
  path: Assets/Oculus/SampleFramework/Core/Locomotion/Scripts/TeleportOrientationHandler.cs
  artifactKey: Guid(9e582fd1da19d4b4089aca841af87b66) Importer(815301076,1909f56bfc062723c751e8b465ee728b)
Start importing Assets/Oculus/SampleFramework/Core/Locomotion/Scripts/TeleportOrientationHandler.cs using Guid(9e582fd1da19d4b4089aca841af87b66) Importer(815301076,1909f56bfc062723c751e8b465ee728b)  -> (artifact id: '291c3bf8154e503f903a1d1558512c5b') in 0.002743 seconds 
========================================================================
Received Import Request.
  Time since last request: 0.602259 seconds.
  path: Assets/Oculus/SampleFramework/Core/Locomotion/Scripts/TeleportInputHandlerTouch.cs
  artifactKey: Guid(c4133858333ed264ebae0d70265b7b6b) Importer(815301076,1909f56bfc062723c751e8b465ee728b)
Start importing Assets/Oculus/SampleFramework/Core/Locomotion/Scripts/TeleportInputHandlerTouch.cs using Guid(c4133858333ed264ebae0d70265b7b6b) Importer(815301076,1909f56bfc062723c751e8b465ee728b)  -> (artifact id: 'a0d5ec59b41bd434cb3ec7a80a51738c') in 0.003109 seconds 
========================================================================
Received Import Request.
  Time since last request: 0.393110 seconds.
  path: Assets/Oculus/SampleFramework/Core/Locomotion/Scripts/TeleportInputHandlerHMD.cs
  artifactKey: Guid(810484434e07d83468e261ce07d92106) Importer(815301076,1909f56bfc062723c751e8b465ee728b)
Start importing Assets/Oculus/SampleFramework/Core/Locomotion/Scripts/TeleportInputHandlerHMD.cs using Guid(810484434e07d83468e261ce07d92106) Importer(815301076,1909f56bfc062723c751e8b465ee728b)  -> (artifact id: 'dfcd5bd0a4aef55bb577f80949d54f15') in 0.002620 seconds 
========================================================================
Received Import Request.
  Time since last request: 1.737859 seconds.
  path: Assets/Oculus/SampleFramework/Core/Locomotion/Scripts/TeleportInputHandler.cs
  artifactKey: Guid(687155c0dd8b55d409e36711e0cc7167) Importer(815301076,1909f56bfc062723c751e8b465ee728b)
Start importing Assets/Oculus/SampleFramework/Core/Locomotion/Scripts/TeleportInputHandler.cs using Guid(687155c0dd8b55d409e36711e0cc7167) Importer(815301076,1909f56bfc062723c751e8b465ee728b)  -> (artifact id: 'da62e9ec1c8d82047d81cb53066e9760') in 0.002239 seconds 
========================================================================
Received Import Request.
  Time since last request: 0.438045 seconds.
  path: Assets/Oculus/SampleFramework/Core/Locomotion/Scripts/TeleportDestination.cs
  artifactKey: Guid(03a7614f10832d041bccff167d2a460f) Importer(815301076,1909f56bfc062723c751e8b465ee728b)
Start importing Assets/Oculus/SampleFramework/Core/Locomotion/Scripts/TeleportDestination.cs using Guid(03a7614f10832d041bccff167d2a460f) Importer(815301076,1909f56bfc062723c751e8b465ee728b)  -> (artifact id: 'eb0e7adb308dd7d7067e7f9d1423518d') in 0.002301 seconds 
========================================================================
Received Import Request.
  Time since last request: 8.995838 seconds.
  path: Assets/Oculus/SampleFramework/Core/Locomotion/Scripts/TeleportTransitionWarp.cs
  artifactKey: Guid(b1bbfae4990937048b888479caae4fdc) Importer(815301076,1909f56bfc062723c751e8b465ee728b)
Start importing Assets/Oculus/SampleFramework/Core/Locomotion/Scripts/TeleportTransitionWarp.cs using Guid(b1bbfae4990937048b888479caae4fdc) Importer(815301076,1909f56bfc062723c751e8b465ee728b)  -> (artifact id: 'a5332ad7e04e9b0eb6b4564b16a3d55c') in 0.029088 seconds 
========================================================================
Received Import Request.
  Time since last request: 0.557875 seconds.
  path: Assets/Oculus/SampleFramework/Core/Locomotion/Scripts/TeleportTransitionInstant.cs
  artifactKey: Guid(39fbe3faa8f659944b47b2bb36927a5d) Importer(815301076,1909f56bfc062723c751e8b465ee728b)
Start importing Assets/Oculus/SampleFramework/Core/Locomotion/Scripts/TeleportTransitionInstant.cs using Guid(39fbe3faa8f659944b47b2bb36927a5d) Importer(815301076,1909f56bfc062723c751e8b465ee728b)  -> (artifact id: '64b5893ce456e6152311701a62228b07') in 0.002425 seconds 
========================================================================
Received Import Request.
  Time since last request: 0.489987 seconds.
  path: Assets/Oculus/SampleFramework/Core/Locomotion/Scripts/TeleportTransitionBlink.cs
  artifactKey: Guid(65ac96eeca5eff442ba798f7bfc4f002) Importer(815301076,1909f56bfc062723c751e8b465ee728b)
Start importing Assets/Oculus/SampleFramework/Core/Locomotion/Scripts/TeleportTransitionBlink.cs using Guid(65ac96eeca5eff442ba798f7bfc4f002) Importer(815301076,1909f56bfc062723c751e8b465ee728b)  -> (artifact id: 'aa5d6df5bf57164b5ba40c554007f506') in 0.002724 seconds 
========================================================================
Received Import Request.
  Time since last request: 0.213342 seconds.
  path: Assets/Oculus/SampleFramework/Core/Locomotion/Scripts/TeleportTransition.cs
  artifactKey: Guid(d4cb945184171a54fafc0e150e431a59) Importer(815301076,1909f56bfc062723c751e8b465ee728b)
Start importing Assets/Oculus/SampleFramework/Core/Locomotion/Scripts/TeleportTransition.cs using Guid(d4cb945184171a54fafc0e150e431a59) Importer(815301076,1909f56bfc062723c751e8b465ee728b)  -> (artifact id: 'b108a3fd55a7ba2174650652f0ff4ff4') in 0.002596 seconds 
========================================================================
Received Import Request.
  Time since last request: 0.308441 seconds.
  path: Assets/Oculus/SampleFramework/Core/Locomotion/Scripts/TeleportTargetHandlerPhysical.cs
  artifactKey: Guid(7d8fa3b51be1cb745a66b9f32a13f550) Importer(815301076,1909f56bfc062723c751e8b465ee728b)
Start importing Assets/Oculus/SampleFramework/Core/Locomotion/Scripts/TeleportTargetHandlerPhysical.cs using Guid(7d8fa3b51be1cb745a66b9f32a13f550) Importer(815301076,1909f56bfc062723c751e8b465ee728b)  -> (artifact id: '6342dbd2ff0a03aad13b30019a5aa210') in 0.002811 seconds 
========================================================================
Received Import Request.
  Time since last request: 0.889020 seconds.
  path: Assets/Oculus/SampleFramework/Core/Locomotion/Scripts/TeleportTargetHandlerNode.cs
  artifactKey: Guid(3c742df914335504e97e68335f9f7ea6) Importer(815301076,1909f56bfc062723c751e8b465ee728b)
Start importing Assets/Oculus/SampleFramework/Core/Locomotion/Scripts/TeleportTargetHandlerNode.cs using Guid(3c742df914335504e97e68335f9f7ea6) Importer(815301076,1909f56bfc062723c751e8b465ee728b)  -> (artifact id: 'eb8906a7fb1abfde28280395519e4980') in 0.002183 seconds 
========================================================================
Received Import Request.
  Time since last request: 165.446329 seconds.
  path: Assets/Original
  artifactKey: Guid(bcd8bb88ae9215f4799a1ec42282ba67) Importer(815301076,1909f56bfc062723c751e8b465ee728b)
Start importing Assets/Original using Guid(bcd8bb88ae9215f4799a1ec42282ba67) Importer(815301076,1909f56bfc062723c751e8b465ee728b)  -> (artifact id: '262201b4b5a1d9719d9f41d7289b64eb') in 0.002708 seconds 
========================================================================
Received Import Request.
  Time since last request: 12.500146 seconds.
  path: Assets/Original/Warp.cs
  artifactKey: Guid(1f6375aa9b562f84a9d15bc16c511687) Importer(815301076,1909f56bfc062723c751e8b465ee728b)
Start importing Assets/Original/Warp.cs using Guid(1f6375aa9b562f84a9d15bc16c511687) Importer(815301076,1909f56bfc062723c751e8b465ee728b)  -> (artifact id: '468502cb033f0cea981a75b5bd351e67') in 0.020226 seconds 
========================================================================
Received Prepare
Registering precompiled user dll's ...
Registered in 0.689629 seconds.
Begin MonoManager ReloadAssembly
Native extension for WindowsStandalone target not found
Refreshing native plugins compatible for Editor in 0.97 ms, found 7 plugins.
Preloading 1 native plugins for Editor in 0.05 ms.
Mono: successfully reloaded assembly
- Completed reload, in  1.139 seconds
Platform modules already initialized, skipping
Switching build target platform(19) subTarget(0) extendedPlatform(0) -> platform(13) subTarget(524294) extendedPlatform(0)
Shader 'Oculus/OVRMRCameraFrameLit': fallback shader 'Alpha-Diffuse' not found
Refreshing native plugins compatible for Editor in 0.92 ms, found 7 plugins.
Preloading 1 native plugins for Editor in 0.04 ms.
Unloading 3271 Unused Serialized files (Serialized files now loaded: 0)
System memory in use before: 135.2 MB.
System memory in use after: 135.4 MB.

Unloading 53 unused Assets to reduce memory usage. Loaded Objects now: 3836.
Total: 2.375100 ms (FindLiveObjects: 0.252000 ms CreateObjectMapping: 0.125400 ms MarkObjects: 1.938800 ms  DeleteObjects: 0.058300 ms)

AssetImportParameters requested are different than current active one (requested -> active):
  custom:graphics/normal-map-encoding: 01000000000000000000000000000000 -> 02000000000000000000000000000000
========================================================================
Received Import Request.
  Time since last request: 835.926446 seconds.
  path: Assets/Oculus/SampleFramework/Core/Locomotion/Scripts/TeleportTargetHandlerNavMesh.cs
  artifactKey: Guid(246f3f7eae8a20948859c718121d1c69) Importer(815301076,1909f56bfc062723c751e8b465ee728b)
Start importing Assets/Oculus/SampleFramework/Core/Locomotion/Scripts/TeleportTargetHandlerNavMesh.cs using Guid(246f3f7eae8a20948859c718121d1c69) Importer(815301076,1909f56bfc062723c751e8b465ee728b)  -> (artifact id: '64997d0199e0c27dae3372f3a6ee4a73') in 0.007960 seconds 
========================================================================
Received Prepare
Shader 'Oculus/OVRMRCameraFrameLit': fallback shader 'Alpha-Diffuse' not found
Refreshing native plugins compatible for Editor in 12.39 ms, found 7 plugins.
Preloading 1 native plugins for Editor in 0.11 ms.
Unloading 49 Unused Serialized files (Serialized files now loaded: 0)
System memory in use before: 71.7 MB.
System memory in use after: 71.9 MB.

Unloading 49 unused Assets to reduce memory usage. Loaded Objects now: 3836.
Total: 31.345500 ms (FindLiveObjects: 0.374000 ms CreateObjectMapping: 0.165100 ms MarkObjects: 30.630500 ms  DeleteObjects: 0.174400 ms)

========================================================================
Received Prepare
Shader 'Oculus/OVRMRCameraFrameLit': fallback shader 'Alpha-Diffuse' not found
Refreshing native plugins compatible for Editor in 12.39 ms, found 7 plugins.
Preloading 1 native plugins for Editor in 0.05 ms.
Unloading 49 Unused Serialized files (Serialized files now loaded: 0)
System memory in use before: 71.7 MB.
System memory in use after: 71.9 MB.

Unloading 49 unused Assets to reduce memory usage. Loaded Objects now: 3836.
Total: 3.410800 ms (FindLiveObjects: 0.350500 ms CreateObjectMapping: 0.197100 ms MarkObjects: 2.640000 ms  DeleteObjects: 0.221900 ms)

========================================================================
Received Import Request.
  Time since last request: 6024.391307 seconds.
  path: Assets/Scenes/fieldbase.unity
  artifactKey: Guid(e8bb9402c3a8b00439974baebf96cae2) Importer(2089858483,934ff659095e30574adcf32a4c2f97b5)
Start importing Assets/Scenes/fieldbase.unity using Guid(e8bb9402c3a8b00439974baebf96cae2) Importer(2089858483,934ff659095e30574adcf32a4c2f97b5)  -> (artifact id: 'ce3e12fee5fe81fdf3736164799f1d04') in 0.164316 seconds 
========================================================================
Received Import Request.
  Time since last request: 0.000320 seconds.
  path: Assets/Plugins/GitHub/Editor/libsfw.bundle
  artifactKey: Guid(636d33ae594884e7d80b569f429d245d) Importer(2089858483,934ff659095e30574adcf32a4c2f97b5)
Start importing Assets/Plugins/GitHub/Editor/libsfw.bundle using Guid(636d33ae594884e7d80b569f429d245d) Importer(2089858483,934ff659095e30574adcf32a4c2f97b5)  -> (artifact id: '787e9b4b34fe926dc5aced691948a739') in 0.010782 seconds 
========================================================================
Received Import Request.
  Time since last request: 0.000266 seconds.
  path: Assets/Plugins/GitHub/Editor/GitHub.Api.45.dll.mdb
  artifactKey: Guid(181f65fb096cedd4493bc9971257d8b1) Importer(2089858483,934ff659095e30574adcf32a4c2f97b5)
Start importing Assets/Plugins/GitHub/Editor/GitHub.Api.45.dll.mdb using Guid(181f65fb096cedd4493bc9971257d8b1) Importer(2089858483,934ff659095e30574adcf32a4c2f97b5)  -> (artifact id: '2bfd6c3c8d45c66cca129d1a202006f6') in 0.011504 seconds 
========================================================================
Received Import Request.
  Time since last request: 0.000283 seconds.
  path: Assets/Plugins/GitHub/Editor/GitHub.Unity.45.dll.mdb
  artifactKey: Guid(877ef3585573ce44eab899298be23158) Importer(2089858483,934ff659095e30574adcf32a4c2f97b5)
Start importing Assets/Plugins/GitHub/Editor/GitHub.Unity.45.dll.mdb using Guid(877ef3585573ce44eab899298be23158) Importer(2089858483,934ff659095e30574adcf32a4c2f97b5)  -> (artifact id: '256797041aca391961c816692db94562') in 0.007286 seconds 
========================================================================
Received Import Request.
  Time since last request: 0.000228 seconds.
  path: Assets/Original/Warp.cs
  artifactKey: Guid(1f6375aa9b562f84a9d15bc16c511687) Importer(2089858483,934ff659095e30574adcf32a4c2f97b5)
Start importing Assets/Original/Warp.cs using Guid(1f6375aa9b562f84a9d15bc16c511687) Importer(2089858483,934ff659095e30574adcf32a4c2f97b5)  -> (artifact id: '730c329d0aaaef018510bfb8707bc259') in 0.006932 seconds 
========================================================================
Received Import Request.
  Time since last request: 0.000282 seconds.
  path: Assets/Plugins/GitHub/Editor/x64
  artifactKey: Guid(a0ded7adcc817ce489fec07977f16d13) Importer(2089858483,934ff659095e30574adcf32a4c2f97b5)
Start importing Assets/Plugins/GitHub/Editor/x64 using Guid(a0ded7adcc817ce489fec07977f16d13) Importer(2089858483,934ff659095e30574adcf32a4c2f97b5)  -> (artifact id: '43d2d19c2c3d5dfd36c0af043ffa2365') in 0.006660 seconds 
========================================================================
Received Import Request.
  Time since last request: 0.000291 seconds.
  path: Assets/Plugins/GitHub/Editor/GitHub.UnityShim.dll
  artifactKey: Guid(863e1b9976c4e46d29bf83928b3a8ab2) Importer(2089858483,934ff659095e30574adcf32a4c2f97b5)
Start importing Assets/Plugins/GitHub/Editor/GitHub.UnityShim.dll using Guid(863e1b9976c4e46d29bf83928b3a8ab2) Importer(2089858483,934ff659095e30574adcf32a4c2f97b5)  -> (artifact id: 'a7dbeb48107385c2b5febc4cb6576467') in 0.014854 seconds 
========================================================================
Received Import Request.
  Time since last request: 0.000257 seconds.
  path: Assets/SellFieldSphere0520.fbx
  artifactKey: Guid(7b6f2680c2e701b4e8feecc4637f364c) Importer(2089858483,934ff659095e30574adcf32a4c2f97b5)
Start importing Assets/SellFieldSphere0520.fbx using Guid(7b6f2680c2e701b4e8feecc4637f364c) Importer(2089858483,934ff659095e30574adcf32a4c2f97b5)  -> (artifact id: '4ff985e05b5f95ac857edab1476396da') in 0.047798 seconds 
========================================================================
Received Import Request.
  Time since last request: 0.000217 seconds.
  path: Assets/Plugins/GitHub/Editor/UnityAPIWrapper.cs
  artifactKey: Guid(555cd6f54c03341b1970d950df1a5ee5) Importer(2089858483,934ff659095e30574adcf32a4c2f97b5)
Start importing Assets/Plugins/GitHub/Editor/UnityAPIWrapper.cs using Guid(555cd6f54c03341b1970d950df1a5ee5) Importer(2089858483,934ff659095e30574adcf32a4c2f97b5)  -> (artifact id: 'e1dc871da8c502c303f597d592c7e698') in 0.007973 seconds 
========================================================================
Received Import Request.
  Time since last request: 0.000279 seconds.
  path: Assets/Plugins/GitHub/Editor/System.Threading.dll
  artifactKey: Guid(790749ba7e4b18141953e39cb13f1b79) Importer(2089858483,934ff659095e30574adcf32a4c2f97b5)
Start importing Assets/Plugins/GitHub/Editor/System.Threading.dll using Guid(790749ba7e4b18141953e39cb13f1b79) Importer(2089858483,934ff659095e30574adcf32a4c2f97b5)  -> (artifact id: 'd1efe710ae6507ea790d368c6c43a27b') in 0.009001 seconds 
========================================================================
Received Import Request.
  Time since last request: 0.000235 seconds.
  path: Assets/Plugins/GitHub/Editor/ExtensionLoader.cs
  artifactKey: Guid(dae2ecee8a704dd59797e26554ff8606) Importer(2089858483,934ff659095e30574adcf32a4c2f97b5)
Start importing Assets/Plugins/GitHub/Editor/ExtensionLoader.cs using Guid(dae2ecee8a704dd59797e26554ff8606) Importer(2089858483,934ff659095e30574adcf32a4c2f97b5)  -> (artifact id: '836bba45a3517483f3db0b0a0f584505') in 0.010045 seconds 
========================================================================
Received Import Request.
  Time since last request: 0.000285 seconds.
  path: Assets/Plugins/GitHub/Editor/big-logo@2x.png
  artifactKey: Guid(f81094832d834c64d93b198cb16b6a3e) Importer(2089858483,934ff659095e30574adcf32a4c2f97b5)
Start importing Assets/Plugins/GitHub/Editor/big-logo@2x.png using Guid(f81094832d834c64d93b198cb16b6a3e) Importer(2089858483,934ff659095e30574adcf32a4c2f97b5)  -> (artifact id: '9c4d38de31cfcef82bc9a99b17658db6') in 0.050869 seconds 
========================================================================
Received Import Request.
  Time since last request: 0.000245 seconds.
  path: Assets/Original
  artifactKey: Guid(bcd8bb88ae9215f4799a1ec42282ba67) Importer(2089858483,934ff659095e30574adcf32a4c2f97b5)
Start importing Assets/Original using Guid(bcd8bb88ae9215f4799a1ec42282ba67) Importer(2089858483,934ff659095e30574adcf32a4c2f97b5)  -> (artifact id: '352cfd8471fca203b3970eb4108ac6c5') in 0.006883 seconds 
========================================================================
Received Import Request.
  Time since last request: 0.000412 seconds.
  path: Assets/Plugins/GitHub/Editor/x64/sfw_x64.dll
  artifactKey: Guid(fe5abeadcbe591e4fa9107fbc02f3998) Importer(2089858483,934ff659095e30574adcf32a4c2f97b5)
Start importing Assets/Plugins/GitHub/Editor/x64/sfw_x64.dll using Guid(fe5abeadcbe591e4fa9107fbc02f3998) Importer(2089858483,934ff659095e30574adcf32a4c2f97b5)  -> (artifact id: 'afa910ca1244418d7e788bcfeddd308a') in 0.007844 seconds 
========================================================================
Received Import Request.
  Time since last request: 0.000225 seconds.
  path: Assets/Plugins/GitHub/Editor/x86/pthreadVC2.dll
  artifactKey: Guid(151a1d946b98deb4b98445400983ba92) Importer(2089858483,934ff659095e30574adcf32a4c2f97b5)
Start importing Assets/Plugins/GitHub/Editor/x86/pthreadVC2.dll using Guid(151a1d946b98deb4b98445400983ba92) Importer(2089858483,934ff659095e30574adcf32a4c2f97b5)  -> (artifact id: '580abd07d0aeec13b5e6d5936806c90c') in 0.008481 seconds 
========================================================================
Received Import Request.
  Time since last request: 0.000257 seconds.
  path: Assets/Plugins/GitHub/Editor/x86/sfw_x86.dll
  artifactKey: Guid(a83159a46d87d2a4f8cec651049b9231) Importer(2089858483,934ff659095e30574adcf32a4c2f97b5)
Start importing Assets/Plugins/GitHub/Editor/x86/sfw_x86.dll using Guid(a83159a46d87d2a4f8cec651049b9231) Importer(2089858483,934ff659095e30574adcf32a4c2f97b5)  -> (artifact id: '052f5b340c9ff0bbe0725c6f71583070') in 0.008072 seconds 
========================================================================
Received Import Request.
  Time since last request: 0.000545 seconds.
  path: Assets/Plugins/GitHub/Editor/sfw.net.dll
  artifactKey: Guid(f9fc9b08ecd899944adf9860b4abd6b6) Importer(2089858483,934ff659095e30574adcf32a4c2f97b5)
Start importing Assets/Plugins/GitHub/Editor/sfw.net.dll using Guid(f9fc9b08ecd899944adf9860b4abd6b6) Importer(2089858483,934ff659095e30574adcf32a4c2f97b5)  -> (artifact id: '9cbe865474193efc9f7068d74882c385') in 0.008970 seconds 
========================================================================
Received Import Request.
  Time since last request: 0.000335 seconds.
  path: Assets/SellFieldCube0520.fbx
  artifactKey: Guid(63bdc5d88a1cd2b49a4b92081c94d92f) Importer(2089858483,934ff659095e30574adcf32a4c2f97b5)
Start importing Assets/SellFieldCube0520.fbx using Guid(63bdc5d88a1cd2b49a4b92081c94d92f) Importer(2089858483,934ff659095e30574adcf32a4c2f97b5)  -> (artifact id: 'b9f687ea61af97b410b72fced0d67c6e') in 0.071845 seconds 
========================================================================
Received Import Request.
  Time since last request: 0.000222 seconds.
  path: Assets/MovePointSet.mat
  artifactKey: Guid(b3a8d40ad25cd184faf12f060f849d73) Importer(2089858483,934ff659095e30574adcf32a4c2f97b5)
Start importing Assets/MovePointSet.mat using Guid(b3a8d40ad25cd184faf12f060f849d73) Importer(2089858483,934ff659095e30574adcf32a4c2f97b5)  -> (artifact id: '0865f23d0cbd37e4b0a430b1cda02d75') in 0.007673 seconds 
========================================================================
Received Import Request.
  Time since last request: 0.000258 seconds.
  path: Assets/Plugins/GitHub/Editor/QuickGuide.pdf
  artifactKey: Guid(d601ecb6855bb432bae2aa49d8fd82e8) Importer(2089858483,934ff659095e30574adcf32a4c2f97b5)
Start importing Assets/Plugins/GitHub/Editor/QuickGuide.pdf using Guid(d601ecb6855bb432bae2aa49d8fd82e8) Importer(2089858483,934ff659095e30574adcf32a4c2f97b5)  -> (artifact id: 'e1a16f4a738ed117a49abb5c0670fe77') in 0.013275 seconds 
========================================================================
Received Import Request.
  Time since last request: 0.000225 seconds.
  path: Assets/Plugins/GitHub/Editor/GitHub.Unity.dll
  artifactKey: Guid(68c7e4565cde54155bb78d8e935f1dd4) Importer(2089858483,934ff659095e30574adcf32a4c2f97b5)
Start importing Assets/Plugins/GitHub/Editor/GitHub.Unity.dll using Guid(68c7e4565cde54155bb78d8e935f1dd4) Importer(2089858483,934ff659095e30574adcf32a4c2f97b5)  -> (artifact id: '3eac4ecaeb009d93d2b5d1f7b0f106b6') in 0.029777 seconds 
========================================================================
Received Import Request.
  Time since last request: 0.000308 seconds.
  path: Assets/Plugins/GitHub/Editor/libsfw.so
  artifactKey: Guid(21206c65839f84d0e9ae14bc1fdc68db) Importer(2089858483,934ff659095e30574adcf32a4c2f97b5)
Start importing Assets/Plugins/GitHub/Editor/libsfw.so using Guid(21206c65839f84d0e9ae14bc1fdc68db) Importer(2089858483,934ff659095e30574adcf32a4c2f97b5)  -> (artifact id: 'd09fa2029ebde5a7781fed6de3d2f404') in 0.009230 seconds 
========================================================================
Received Import Request.
  Time since last request: 0.000275 seconds.
  path: Assets/Plugins/GitHub/Editor/GitHub.Logging.dll.mdb
  artifactKey: Guid(23c8bee69b591054094d32918f98facd) Importer(2089858483,934ff659095e30574adcf32a4c2f97b5)
Start importing Assets/Plugins/GitHub/Editor/GitHub.Logging.dll.mdb using Guid(23c8bee69b591054094d32918f98facd) Importer(2089858483,934ff659095e30574adcf32a4c2f97b5)  -> (artifact id: '10de39d4ebd08fd288d248b27812182c') in 0.009090 seconds 
========================================================================
Received Import Request.
  Time since last request: 0.000346 seconds.
  path: Assets/Plugins/GitHub/Editor/GitHub.Unity.45.dll
  artifactKey: Guid(68c7e4565cde54155bb78d8e935f1ddb) Importer(2089858483,934ff659095e30574adcf32a4c2f97b5)
Start importing Assets/Plugins/GitHub/Editor/GitHub.Unity.45.dll using Guid(68c7e4565cde54155bb78d8e935f1ddb) Importer(2089858483,934ff659095e30574adcf32a4c2f97b5)  -> (artifact id: '42cdbcfd3f7ce31f70b373eee03a9a2c') in 0.045486 seconds 
========================================================================
Received Import Request.
  Time since last request: 0.000281 seconds.
  path: Assets/Plugins/GitHub/Editor/GitHub.UnityShim.dll.mdb
  artifactKey: Guid(1186e0491049e40ba8e7e19e418d9e8e) Importer(2089858483,934ff659095e30574adcf32a4c2f97b5)
Start importing Assets/Plugins/GitHub/Editor/GitHub.UnityShim.dll.mdb using Guid(1186e0491049e40ba8e7e19e418d9e8e) Importer(2089858483,934ff659095e30574adcf32a4c2f97b5)  -> (artifact id: 'e85dbf9891d3f01939b261b327069d8d') in 0.008411 seconds 
========================================================================
Received Import Request.
  Time since last request: 0.000257 seconds.
  path: Assets/Plugins/GitHub/Editor/GitHub.Logging.dll
  artifactKey: Guid(15ca2bebf173f2d4484686a03a45b56d) Importer(2089858483,934ff659095e30574adcf32a4c2f97b5)
Start importing Assets/Plugins/GitHub/Editor/GitHub.Logging.dll using Guid(15ca2bebf173f2d4484686a03a45b56d) Importer(2089858483,934ff659095e30574adcf32a4c2f97b5)  -> (artifact id: 'a55895476c3f8e09d2b1e6f4bbb316d9') in 0.008825 seconds 
========================================================================
Received Import Request.
  Time since last request: 0.000207 seconds.
  path: Assets/Plugins
  artifactKey: Guid(872afa00a67cfdc45ab45f15b5f4e9bc) Importer(2089858483,934ff659095e30574adcf32a4c2f97b5)
Start importing Assets/Plugins using Guid(872afa00a67cfdc45ab45f15b5f4e9bc) Importer(2089858483,934ff659095e30574adcf32a4c2f97b5)  -> (artifact id: 'd31004868371cc6ad6ae929f889129be') in 0.007164 seconds 
========================================================================
Received Import Request.
  Time since last request: 0.000231 seconds.
  path: Assets/Plugins/GitHub/Editor/AsyncBridge.Net35.dll
  artifactKey: Guid(d516f2a1bec6a9645a084ef8c9237132) Importer(2089858483,934ff659095e30574adcf32a4c2f97b5)
Start importing Assets/Plugins/GitHub/Editor/AsyncBridge.Net35.dll using Guid(d516f2a1bec6a9645a084ef8c9237132) Importer(2089858483,934ff659095e30574adcf32a4c2f97b5)  -> (artifact id: '09f7abc3bfe0072c5f2600c8f31770ea') in 0.007219 seconds 
========================================================================
Received Import Request.
  Time since last request: 0.000301 seconds.
  path: Assets/Plugins/GitHub
  artifactKey: Guid(682198e0edfe82d46b0a0f54d62a2e5b) Importer(2089858483,934ff659095e30574adcf32a4c2f97b5)
Start importing Assets/Plugins/GitHub using Guid(682198e0edfe82d46b0a0f54d62a2e5b) Importer(2089858483,934ff659095e30574adcf32a4c2f97b5)  -> (artifact id: '2dca51a957b231c5dba6271a78dc11e6') in 0.007431 seconds 
========================================================================
Received Import Request.
  Time since last request: 0.000308 seconds.
  path: Assets/Plugins/GitHub/Editor/eula.txt
  artifactKey: Guid(136dc24f151211d438acee17aff4e934) Importer(2089858483,934ff659095e30574adcf32a4c2f97b5)
Start importing Assets/Plugins/GitHub/Editor/eula.txt using Guid(136dc24f151211d438acee17aff4e934) Importer(2089858483,934ff659095e30574adcf32a4c2f97b5)  -> (artifact id: 'c35a288d1a119924e4dbfd45204c503e') in 0.013178 seconds 
========================================================================
Received Import Request.
  Time since last request: 0.000226 seconds.
  path: Assets/Plugins/GitHub/Editor/GitHub.Unity.dll.mdb
  artifactKey: Guid(2590b98e5cafc4e32b61170d7b917ee6) Importer(2089858483,934ff659095e30574adcf32a4c2f97b5)
Start importing Assets/Plugins/GitHub/Editor/GitHub.Unity.dll.mdb using Guid(2590b98e5cafc4e32b61170d7b917ee6) Importer(2089858483,934ff659095e30574adcf32a4c2f97b5)  -> (artifact id: '6a6a9eed441925a4d03723ecd223c6d7') in 0.008283 seconds 
========================================================================
Received Import Request.
  Time since last request: 0.000214 seconds.
  path: Assets/Plugins/GitHub/Editor/GitHub.Api.dll
  artifactKey: Guid(c743ae24ee231884887054d20ccdd0ae) Importer(2089858483,934ff659095e30574adcf32a4c2f97b5)
Start importing Assets/Plugins/GitHub/Editor/GitHub.Api.dll using Guid(c743ae24ee231884887054d20ccdd0ae) Importer(2089858483,934ff659095e30574adcf32a4c2f97b5)  -> (artifact id: 'bf77da8a4eec3ff0ae161bdda41d12c3') in 0.006914 seconds 
========================================================================
Received Import Request.
  Time since last request: 0.000239 seconds.
  path: Assets/Plugins/GitHub/Editor/credits.txt
  artifactKey: Guid(0188ec438976e5849b40a2c1ce5f20f9) Importer(2089858483,934ff659095e30574adcf32a4c2f97b5)
Start importing Assets/Plugins/GitHub/Editor/credits.txt using Guid(0188ec438976e5849b40a2c1ce5f20f9) Importer(2089858483,934ff659095e30574adcf32a4c2f97b5)  -> (artifact id: '04fae5611972196689bd8575660015a7') in 0.007333 seconds 
========================================================================
Received Import Request.
  Time since last request: 0.000227 seconds.
  path: Assets/Plugins/GitHub/Editor/Mono.Posix.dll
  artifactKey: Guid(ddb8611e748af425a82a497ac5a98c0c) Importer(2089858483,934ff659095e30574adcf32a4c2f97b5)
Start importing Assets/Plugins/GitHub/Editor/Mono.Posix.dll using Guid(ddb8611e748af425a82a497ac5a98c0c) Importer(2089858483,934ff659095e30574adcf32a4c2f97b5)  -> (artifact id: 'a9eeacc97bd794c64b3f29e5e8ab3a9d') in 0.006343 seconds 
========================================================================
Received Import Request.
  Time since last request: 0.000231 seconds.
  path: Assets/Plugins/GitHub/Editor
  artifactKey: Guid(cad92998c5182496e8b989b406d9f156) Importer(2089858483,934ff659095e30574adcf32a4c2f97b5)
Start importing Assets/Plugins/GitHub/Editor using Guid(cad92998c5182496e8b989b406d9f156) Importer(2089858483,934ff659095e30574adcf32a4c2f97b5)  -> (artifact id: '0bdb47859f94dec6ebb04bb2d0b15080') in 0.008506 seconds 
========================================================================
Received Import Request.
  Time since last request: 0.000245 seconds.
  path: Assets/Plugins/GitHub/Editor/GitHub.Api.dll.mdb
  artifactKey: Guid(c5c83d14802e712408f23409f3c59e26) Importer(2089858483,934ff659095e30574adcf32a4c2f97b5)
Start importing Assets/Plugins/GitHub/Editor/GitHub.Api.dll.mdb using Guid(c5c83d14802e712408f23409f3c59e26) Importer(2089858483,934ff659095e30574adcf32a4c2f97b5)  -> (artifact id: '4c1c9a1caa89a4ed38fe8077ee99d06d') in 0.006172 seconds 
========================================================================
Received Import Request.
  Time since last request: 0.000221 seconds.
  path: Assets/Plugins/GitHub/Editor/GitHub.Api.45.dll
  artifactKey: Guid(c743ae24ee231884887054d20ccdd0ab) Importer(2089858483,934ff659095e30574adcf32a4c2f97b5)
Start importing Assets/Plugins/GitHub/Editor/GitHub.Api.45.dll using Guid(c743ae24ee231884887054d20ccdd0ab) Importer(2089858483,934ff659095e30574adcf32a4c2f97b5)  -> (artifact id: 'bd338325dda9403be87474737817a225') in 0.007203 seconds 
========================================================================
Received Import Request.
  Time since last request: 0.000273 seconds.
  path: Assets/Plugins/GitHub/Editor/ReadOnlyCollectionsInterfaces.dll
  artifactKey: Guid(48c22d5d7479fcb49ab3be0cdd2ccec0) Importer(2089858483,934ff659095e30574adcf32a4c2f97b5)
Start importing Assets/Plugins/GitHub/Editor/ReadOnlyCollectionsInterfaces.dll using Guid(48c22d5d7479fcb49ab3be0cdd2ccec0) Importer(2089858483,934ff659095e30574adcf32a4c2f97b5)  -> (artifact id: 'a5e446d87d665d38f751039ee3a6f1b5') in 0.007111 seconds 
========================================================================
Received Import Request.
  Time since last request: 0.000208 seconds.
  path: Assets/Plugins/GitHub/Editor/x86
  artifactKey: Guid(99b48d4d4f6a66340ab06bd487d70a45) Importer(2089858483,934ff659095e30574adcf32a4c2f97b5)
Start importing Assets/Plugins/GitHub/Editor/x86 using Guid(99b48d4d4f6a66340ab06bd487d70a45) Importer(2089858483,934ff659095e30574adcf32a4c2f97b5)  -> (artifact id: '967b30a039e2b84d8f2ba1df19629384') in 0.006947 seconds 
========================================================================
Received Import Request.
  Time since last request: 0.000250 seconds.
  path: Assets/Plugins/GitHub/Editor/x64/pthreadVC2.dll
  artifactKey: Guid(868fbb4c41814baebc00f96e24ede2f8) Importer(2089858483,934ff659095e30574adcf32a4c2f97b5)
Start importing Assets/Plugins/GitHub/Editor/x64/pthreadVC2.dll using Guid(868fbb4c41814baebc00f96e24ede2f8) Importer(2089858483,934ff659095e30574adcf32a4c2f97b5)  -> (artifact id: 'f71e6f80acdbf45831560a42d8046840') in 0.007271 seconds 
========================================================================
Received Import Request.
  Time since last request: 406.319369 seconds.
  path: Assets/Scenes/fieldbase.unity
  artifactKey: Guid(e8bb9402c3a8b00439974baebf96cae2) Importer(2089858483,934ff659095e30574adcf32a4c2f97b5)
Start importing Assets/Scenes/fieldbase.unity using Guid(e8bb9402c3a8b00439974baebf96cae2) Importer(2089858483,934ff659095e30574adcf32a4c2f97b5)  -> (artifact id: 'b82c625a6b0f96574224859ce9c1c795') in 0.007085 seconds 
========================================================================
Received Prepare
Shader 'Oculus/OVRMRCameraFrameLit': fallback shader 'Alpha-Diffuse' not found
Refreshing native plugins compatible for Editor in 13.25 ms, found 7 plugins.
Preloading 1 native plugins for Editor in 0.04 ms.
Unloading 49 Unused Serialized files (Serialized files now loaded: 0)
System memory in use before: 71.8 MB.
System memory in use after: 72.0 MB.

Unloading 49 unused Assets to reduce memory usage. Loaded Objects now: 3836.
Total: 3.156100 ms (FindLiveObjects: 0.255700 ms CreateObjectMapping: 0.173300 ms MarkObjects: 2.663800 ms  DeleteObjects: 0.062500 ms)

========================================================================
Received Prepare
Shader 'Oculus/OVRMRCameraFrameLit': fallback shader 'Alpha-Diffuse' not found
Refreshing native plugins compatible for Editor in 10.49 ms, found 7 plugins.
Preloading 1 native plugins for Editor in 0.03 ms.
Unloading 49 Unused Serialized files (Serialized files now loaded: 0)
System memory in use before: 71.8 MB.
System memory in use after: 72.0 MB.

Unloading 49 unused Assets to reduce memory usage. Loaded Objects now: 3836.
Total: 2.991000 ms (FindLiveObjects: 0.238200 ms CreateObjectMapping: 0.148600 ms MarkObjects: 2.522700 ms  DeleteObjects: 0.080400 ms)

========================================================================
Received Import Request.
  Time since last request: 10260.511873 seconds.
  path: Assets/Scenes/fieldbase.unity
  artifactKey: Guid(e8bb9402c3a8b00439974baebf96cae2) Importer(2089858483,934ff659095e30574adcf32a4c2f97b5)
Start importing Assets/Scenes/fieldbase.unity using Guid(e8bb9402c3a8b00439974baebf96cae2) Importer(2089858483,934ff659095e30574adcf32a4c2f97b5)  -> (artifact id: 'f92d3def237e996977dca413fd267ee5') in 0.007120 seconds 
========================================================================
Received Prepare
Shader 'Oculus/OVRMRCameraFrameLit': fallback shader 'Alpha-Diffuse' not found
Refreshing native plugins compatible for Editor in 9.92 ms, found 7 plugins.
Preloading 1 native plugins for Editor in 0.04 ms.
Unloading 49 Unused Serialized files (Serialized files now loaded: 0)
System memory in use before: 71.8 MB.
System memory in use after: 72.0 MB.

Unloading 49 unused Assets to reduce memory usage. Loaded Objects now: 3836.
Total: 3.169700 ms (FindLiveObjects: 0.280800 ms CreateObjectMapping: 0.183900 ms MarkObjects: 2.642500 ms  DeleteObjects: 0.061500 ms)

========================================================================
Received Import Request.
  Time since last request: 7166.796632 seconds.
  path: Assets/Oculus/VR/Scenes/Cubes.unity
  artifactKey: Guid(d920b3d2525670f4abad3d20eda3b349) Importer(815301076,1909f56bfc062723c751e8b465ee728b)
Start importing Assets/Oculus/VR/Scenes/Cubes.unity using Guid(d920b3d2525670f4abad3d20eda3b349) Importer(815301076,1909f56bfc062723c751e8b465ee728b)  -> (artifact id: 'f7abae1906fde4d8717ce6ad045e4719') in 0.061038 seconds 
========================================================================
Received Import Request.
  Time since last request: 0.721342 seconds.
  path: Assets/Oculus/VR/Scenes/Trivial.unity
  artifactKey: Guid(d8d21f2460d13554780e4af04a9e0d6e) Importer(815301076,1909f56bfc062723c751e8b465ee728b)
Start importing Assets/Oculus/VR/Scenes/Trivial.unity using Guid(d8d21f2460d13554780e4af04a9e0d6e) Importer(815301076,1909f56bfc062723c751e8b465ee728b)  -> (artifact id: 'dd86cc08b3804c81cc6490188c58dbf2') in 0.002670 seconds 
========================================================================
Received Import Request.
  Time since last request: 0.428632 seconds.
  path: Assets/Oculus/VR/Scenes/UI.unity
  artifactKey: Guid(1f4d3ae64a10d434db219de8b14348e1) Importer(815301076,1909f56bfc062723c751e8b465ee728b)
Start importing Assets/Oculus/VR/Scenes/UI.unity using Guid(1f4d3ae64a10d434db219de8b14348e1) Importer(815301076,1909f56bfc062723c751e8b465ee728b)  -> (artifact id: '61695ae0399185894885ecdcf0f955e8') in 0.003530 seconds 
========================================================================
Received Import Request.
  Time since last request: 0.472604 seconds.
  path: Assets/Oculus/VR/Scenes/Room.unity
  artifactKey: Guid(54445976c1dbf1c49bb38ba7eba558e8) Importer(815301076,1909f56bfc062723c751e8b465ee728b)
Start importing Assets/Oculus/VR/Scenes/Room.unity using Guid(54445976c1dbf1c49bb38ba7eba558e8) Importer(815301076,1909f56bfc062723c751e8b465ee728b)  -> (artifact id: '7bc452588efe39d5a749045471f61d60') in 0.003336 seconds 
========================================================================
Received Import Request.
  Time since last request: 11.574184 seconds.
  path: Assets/Oculus/VR/Scenes/HandTest.unity
  artifactKey: Guid(b9a31e08066d6e343a208d34ec298f09) Importer(815301076,1909f56bfc062723c751e8b465ee728b)
Start importing Assets/Oculus/VR/Scenes/HandTest.unity using Guid(b9a31e08066d6e343a208d34ec298f09) Importer(815301076,1909f56bfc062723c751e8b465ee728b)  -> (artifact id: 'a933cd6c719f2a3e1541b11545c12d1e') in 0.003044 seconds 
========================================================================
Received Import Request.
  Time since last request: 124.338395 seconds.
  path: Assets/Oculus/SampleFramework/Usage/Locomotion.unity
  artifactKey: Guid(024cd9dcd49bd8f46a6bea03aa8a21bb) Importer(815301076,1909f56bfc062723c751e8b465ee728b)
Start importing Assets/Oculus/SampleFramework/Usage/Locomotion.unity using Guid(024cd9dcd49bd8f46a6bea03aa8a21bb) Importer(815301076,1909f56bfc062723c751e8b465ee728b)  -> (artifact id: '6c9d3100dd8cb26a551554c0ba805a4e') in 0.002986 seconds 
========================================================================
Received Prepare
Shader 'Oculus/OVRMRCameraFrameLit': fallback shader 'Alpha-Diffuse' not found
Refreshing native plugins compatible for Editor in 11.54 ms, found 7 plugins.
Preloading 1 native plugins for Editor in 0.04 ms.
Unloading 49 Unused Serialized files (Serialized files now loaded: 0)
System memory in use before: 71.8 MB.
System memory in use after: 72.0 MB.

Unloading 49 unused Assets to reduce memory usage. Loaded Objects now: 3836.
Total: 3.378900 ms (FindLiveObjects: 0.255700 ms CreateObjectMapping: 0.160100 ms MarkObjects: 2.903000 ms  DeleteObjects: 0.059300 ms)

========================================================================
Received Import Request.
  Time since last request: 1156.905802 seconds.
  path: Assets/Scenes
  artifactKey: Guid(e275923140b0a7947a0fd672452d08f3) Importer(815301076,1909f56bfc062723c751e8b465ee728b)
Start importing Assets/Scenes using Guid(e275923140b0a7947a0fd672452d08f3) Importer(815301076,1909f56bfc062723c751e8b465ee728b)  -> (artifact id: 'ca766f98f712441af73331246cccbaea') in 0.002512 seconds 
========================================================================
Received Import Request.
  Time since last request: 1.631550 seconds.
  path: Assets/Scenes/SampleScene.unity
  artifactKey: Guid(9fc0d4010bbf28b4594072e72b8655ab) Importer(815301076,1909f56bfc062723c751e8b465ee728b)
Start importing Assets/Scenes/SampleScene.unity using Guid(9fc0d4010bbf28b4594072e72b8655ab) Importer(815301076,1909f56bfc062723c751e8b465ee728b)  -> (artifact id: 'eb2fa16d6aa40ad9562b61259a9e1a03') in 0.004737 seconds 
========================================================================
Received Import Request.
  Time since last request: 1.532161 seconds.
  path: Assets/Scenes/fieldbase.unity
  artifactKey: Guid(e8bb9402c3a8b00439974baebf96cae2) Importer(815301076,1909f56bfc062723c751e8b465ee728b)
Start importing Assets/Scenes/fieldbase.unity using Guid(e8bb9402c3a8b00439974baebf96cae2) Importer(815301076,1909f56bfc062723c751e8b465ee728b)  -> (artifact id: '7e0eb54678f3a4b9dab6e05c133e9d92') in 0.003168 seconds 
========================================================================
Received Prepare
Registering precompiled user dll's ...
Registered in 0.791613 seconds.
Begin MonoManager ReloadAssembly
Native extension for WindowsStandalone target not found
Refreshing native plugins compatible for Editor in 0.92 ms, found 7 plugins.
Preloading 1 native plugins for Editor in 0.04 ms.
Mono: successfully reloaded assembly
- Completed reload, in  1.131 seconds
Platform modules already initialized, skipping
Switching build target platform(19) subTarget(0) extendedPlatform(0) -> platform(13) subTarget(524294) extendedPlatform(0)
Shader 'Oculus/OVRMRCameraFrameLit': fallback shader 'Alpha-Diffuse' not found
Refreshing native plugins compatible for Editor in 0.88 ms, found 7 plugins.
Preloading 1 native plugins for Editor in 0.04 ms.
Unloading 3271 Unused Serialized files (Serialized files now loaded: 0)
System memory in use before: 135.4 MB.
System memory in use after: 135.6 MB.

Unloading 52 unused Assets to reduce memory usage. Loaded Objects now: 3840.
Total: 2.222800 ms (FindLiveObjects: 0.257100 ms CreateObjectMapping: 0.111000 ms MarkObjects: 1.802400 ms  DeleteObjects: 0.051700 ms)

AssetImportParameters requested are different than current active one (requested -> active):
  custom:graphics/normal-map-encoding: 01000000000000000000000000000000 -> 02000000000000000000000000000000
========================================================================
Received Import Request.
  Time since last request: 169.310388 seconds.
  path: Assets/Original/Warp.cs
  artifactKey: Guid(1f6375aa9b562f84a9d15bc16c511687) Importer(815301076,1909f56bfc062723c751e8b465ee728b)
Start importing Assets/Original/Warp.cs using Guid(1f6375aa9b562f84a9d15bc16c511687) Importer(815301076,1909f56bfc062723c751e8b465ee728b)  -> (artifact id: '1bc7b6f9acb83dc1dc62884d6e2963a1') in 0.005307 seconds 
========================================================================
Received Import Request.
  Time since last request: 57.249407 seconds.
  path: Assets/Original/WarpPoint.cs
  artifactKey: Guid(1f6375aa9b562f84a9d15bc16c511687) Importer(815301076,1909f56bfc062723c751e8b465ee728b)
Start importing Assets/Original/WarpPoint.cs using Guid(1f6375aa9b562f84a9d15bc16c511687) Importer(815301076,1909f56bfc062723c751e8b465ee728b)  -> (artifact id: '0adc95a0a082fcb48048e8b5b33bfe90') in 0.003512 seconds 
========================================================================
Received Prepare
Registering precompiled user dll's ...
Registered in 0.013622 seconds.
Begin MonoManager ReloadAssembly
Native extension for WindowsStandalone target not found
Refreshing native plugins compatible for Editor in 1.16 ms, found 7 plugins.
Preloading 1 native plugins for Editor in 0.05 ms.
Mono: successfully reloaded assembly
- Completed reload, in  1.145 seconds
Platform modules already initialized, skipping
Switching build target platform(19) subTarget(0) extendedPlatform(0) -> platform(13) subTarget(524294) extendedPlatform(0)
Shader 'Oculus/OVRMRCameraFrameLit': fallback shader 'Alpha-Diffuse' not found
Refreshing native plugins compatible for Editor in 1.00 ms, found 7 plugins.
Preloading 1 native plugins for Editor in 0.04 ms.
Unloading 3271 Unused Serialized files (Serialized files now loaded: 0)
System memory in use before: 135.4 MB.
System memory in use after: 135.7 MB.

Unloading 52 unused Assets to reduce memory usage. Loaded Objects now: 3844.
Total: 2.585400 ms (FindLiveObjects: 0.248300 ms CreateObjectMapping: 0.145200 ms MarkObjects: 2.119700 ms  DeleteObjects: 0.071100 ms)

AssetImportParameters requested are different than current active one (requested -> active):
  custom:graphics/normal-map-encoding: 01000000000000000000000000000000 -> 02000000000000000000000000000000
========================================================================
Received Prepare
Shader 'Oculus/OVRMRCameraFrameLit': fallback shader 'Alpha-Diffuse' not found
Refreshing native plugins compatible for Editor in 12.98 ms, found 7 plugins.
Preloading 1 native plugins for Editor in 0.04 ms.
Unloading 49 Unused Serialized files (Serialized files now loaded: 0)
System memory in use before: 71.9 MB.
System memory in use after: 72.1 MB.

Unloading 49 unused Assets to reduce memory usage. Loaded Objects now: 3844.
Total: 3.510300 ms (FindLiveObjects: 0.600700 ms CreateObjectMapping: 0.314400 ms MarkObjects: 2.530700 ms  DeleteObjects: 0.063400 ms)

AssetImportWorkerClient::OnTransportError - code=2 error=End of file
